# JRE version: Java(TM) SE Runtime Environment (8.0_121-b13) (build 1.8.0_121-b13)
# Java VM: Java HotSpot(TM) 64-Bit Server VM (25.121-b13 mixed mode bsd-amd64 compressed oops)
Heap:
 PSYoungGen      total 42496K, used 23566K [0x0000000795580000, 0x0000000798e00000, 0x00000007c0000000)
  eden space 31232K, 42% used [0x0000000795580000,0x000000079627c198,0x0000000797400000)
  from space 11264K, 91% used [0x0000000798080000,0x0000000798a877a0,0x0000000798b80000)
  to   space 12800K, 0% used [0x0000000797400000,0x0000000797400000,0x0000000798080000)
 ParOldGen       total 87552K, used 11896K [0x0000000740000000, 0x0000000745580000, 0x0000000795580000)
  object space 87552K, 13% used [0x0000000740000000,0x0000000740b9e340,0x0000000745580000)
 Metaspace       used 16161K, capacity 16384K, committed 16768K, reserved 1064960K
  class space    used 1985K, capacity 2063K, committed 2176K, reserved 1048576K
GC Heap History (10 events):
Event: 4.260 GC heap before
{Heap before GC invocations=2 (full 0):
 PSYoungGen      total 38400K, used 32922K [0x0000000795580000, 0x0000000798000000, 0x00000007c0000000)
  eden space 33280K, 83% used [0x0000000795580000,0x00000007970a9248,0x0000000797600000)
  from space 5120K, 99% used [0x0000000797600000,0x0000000797afd688,0x0000000797b00000)
  to   space 5120K, 0% used [0x0000000797b00000,0x0000000797b00000,0x0000000798000000)
 ParOldGen       total 87552K, used 5778K [0x0000000740000000, 0x0000000745580000, 0x0000000795580000)
  object space 87552K, 6% used [0x0000000740000000,0x00000007405a4b90,0x0000000745580000)
 Metaspace       used 14051K, capacity 14236K, committed 14464K, reserved 1062912K
  class space    used 1766K, capacity 1823K, committed 1920K, reserved 1048576K
Event: 4.268 GC heap after
Heap after GC invocations=2 (full 0):
 PSYoungGen      total 38400K, used 5071K [0x0000000795580000, 0x0000000798000000, 0x00000007c0000000)
  eden space 33280K, 0% used [0x0000000795580000,0x0000000795580000,0x0000000797600000)
  from space 5120K, 99% used [0x0000000797b00000,0x0000000797ff3ec8,0x0000000798000000)
  to   space 5120K, 0% used [0x0000000797600000,0x0000000797600000,0x0000000797b00000)
 ParOldGen       total 87552K, used 10840K [0x0000000740000000, 0x0000000745580000, 0x0000000795580000)
  object space 87552K, 12% used [0x0000000740000000,0x0000000740a96340,0x0000000745580000)
 Metaspace       used 14051K, capacity 14236K, committed 14464K, reserved 1062912K
  class space    used 1766K, capacity 1823K, committed 1920K, reserved 1048576K
}
Event: 6.251 GC heap before
{Heap before GC invocations=3 (full 0):
 PSYoungGen      total 38400K, used 33889K [0x0000000795580000, 0x0000000798000000, 0x00000007c0000000)
  eden space 33280K, 86% used [0x0000000795580000,0x00000007971a48d0,0x0000000797600000)
  from space 5120K, 99% used [0x0000000797b00000,0x0000000797ff3ec8,0x0000000798000000)
  to   space 5120K, 0% used [0x0000000797600000,0x0000000797600000,0x0000000797b00000)
 ParOldGen       total 87552K, used 10840K [0x0000000740000000, 0x0000000745580000, 0x0000000795580000)
  object space 87552K, 12% used [0x0000000740000000,0x0000000740a96340,0x0000000745580000)
 Metaspace       used 14491K, capacity 14684K, committed 14976K, reserved 1062912K
  class space    used 1809K, capacity 1887K, committed 1920K, reserved 1048576K
Event: 6.254 GC heap after
Heap after GC invocations=3 (full 0):
 PSYoungGen      total 38400K, used 5105K [0x0000000795580000, 0x0000000798000000, 0x00000007c0000000)
  eden space 33280K, 0% used [0x0000000795580000,0x0000000795580000,0x0000000797600000)
  from space 5120K, 99% used [0x0000000797600000,0x0000000797afc620,0x0000000797b00000)
  to   space 5120K, 0% used [0x0000000797b00000,0x0000000797b00000,0x0000000798000000)
 ParOldGen       total 87552K, used 11640K [0x0000000740000000, 0x0000000745580000, 0x0000000795580000)
  object space 87552K, 13% used [0x0000000740000000,0x0000000740b5e340,0x0000000745580000)
 Metaspace       used 14491K, capacity 14684K, committed 14976K, reserved 1062912K
  class space    used 1809K, capacity 1887K, committed 1920K, reserved 1048576K
}
Event: 18.344 GC heap before
{Heap before GC invocations=4 (full 0):
 PSYoungGen      total 38400K, used 37806K [0x0000000795580000, 0x0000000798000000, 0x00000007c0000000)
  eden space 33280K, 98% used [0x0000000795580000,0x000000079756f2a8,0x0000000797600000)
  from space 5120K, 99% used [0x0000000797600000,0x0000000797afc620,0x0000000797b00000)
  to   space 5120K, 0% used [0x0000000797b00000,0x0000000797b00000,0x0000000798000000)
 ParOldGen       total 87552K, used 11640K [0x0000000740000000, 0x0000000745580000, 0x0000000795580000)
  object space 87552K, 13% used [0x0000000740000000,0x0000000740b5e340,0x0000000745580000)
 Metaspace       used 15512K, capacity 15736K, committed 15872K, reserved 1062912K
  class space    used 1930K, capacity 1999K, committed 2048K, reserved 1048576K
Event: 18.348 GC heap after
Heap after GC invocations=4 (full 0):
 PSYoungGen      total 38400K, used 4196K [0x0000000795580000, 0x0000000798000000, 0x00000007c0000000)
  eden space 33280K, 0% used [0x0000000795580000,0x0000000795580000,0x0000000797600000)
  from space 5120K, 81% used [0x0000000797b00000,0x0000000797f190d8,0x0000000798000000)
  to   space 5120K, 0% used [0x0000000797600000,0x0000000797600000,0x0000000797b00000)
 ParOldGen       total 87552K, used 11648K [0x0000000740000000, 0x0000000745580000, 0x0000000795580000)
  object space 87552K, 13% used [0x0000000740000000,0x0000000740b60340,0x0000000745580000)
 Metaspace       used 15512K, capacity 15736K, committed 15872K, reserved 1062912K
  class space    used 1930K, capacity 1999K, committed 2048K, reserved 1048576K
}
Event: 22.287 GC heap before
{Heap before GC invocations=5 (full 0):
 PSYoungGen      total 38400K, used 35427K [0x0000000795580000, 0x0000000798000000, 0x00000007c0000000)
  eden space 33280K, 93% used [0x0000000795580000,0x00000007973ffee0,0x0000000797600000)
  from space 5120K, 81% used [0x0000000797b00000,0x0000000797f190d8,0x0000000798000000)
  to   space 5120K, 0% used [0x0000000797600000,0x0000000797600000,0x0000000797b00000)
 ParOldGen       total 87552K, used 11648K [0x0000000740000000, 0x0000000745580000, 0x0000000795580000)
  object space 87552K, 13% used [0x0000000740000000,0x0000000740b60340,0x0000000745580000)
 Metaspace       used 15579K, capacity 15808K, committed 16128K, reserved 1062912K
  class space    used 1930K, capacity 1999K, committed 2048K, reserved 1048576K
Event: 22.296 GC heap after
Heap after GC invocations=5 (full 0):
 PSYoungGen      total 37888K, used 5106K [0x0000000795580000, 0x0000000798b80000, 0x00000007c0000000)
  eden space 32768K, 0% used [0x0000000795580000,0x0000000795580000,0x0000000797580000)
  from space 5120K, 99% used [0x0000000797600000,0x0000000797afc810,0x0000000797b00000)
  to   space 11264K, 0% used [0x0000000798080000,0x0000000798080000,0x0000000798b80000)
 ParOldGen       total 87552K, used 11888K [0x0000000740000000, 0x0000000745580000, 0x0000000795580000)
  object space 87552K, 13% used [0x0000000740000000,0x0000000740b9c340,0x0000000745580000)
 Metaspace       used 15579K, capacity 15808K, committed 16128K, reserved 1062912K
  class space    used 1930K, capacity 1999K, committed 2048K, reserved 1048576K
}
Event: 24.255 GC heap before
{Heap before GC invocations=6 (full 0):
 PSYoungGen      total 37888K, used 33228K [0x0000000795580000, 0x0000000798b80000, 0x00000007c0000000)
  eden space 32768K, 85% used [0x0000000795580000,0x00000007970f69e8,0x0000000797580000)
  from space 5120K, 99% used [0x0000000797600000,0x0000000797afc810,0x0000000797b00000)
  to   space 11264K, 0% used [0x0000000798080000,0x0000000798080000,0x0000000798b80000)
 ParOldGen       total 87552K, used 11888K [0x0000000740000000, 0x0000000745580000, 0x0000000795580000)
  object space 87552K, 13% used [0x0000000740000000,0x0000000740b9c340,0x0000000745580000)
 Metaspace       used 15597K, capacity 15808K, committed 16128K, reserved 1062912K
  class space    used 1930K, capacity 1999K, committed 2048K, reserved 1048576K
Event: 24.274 GC heap after
Heap after GC invocations=6 (full 0):
 PSYoungGen      total 42496K, used 10269K [0x0000000795580000, 0x0000000798e00000, 0x00000007c0000000)
  eden space 31232K, 0% used [0x0000000795580000,0x0000000795580000,0x0000000797400000)
  from space 11264K, 91% used [0x0000000798080000,0x0000000798a877a0,0x0000000798b80000)
  to   space 12800K, 0% used [0x0000000797400000,0x0000000797400000,0x0000000798080000)
 ParOldGen       total 87552K, used 11896K [0x0000000740000000, 0x0000000745580000, 0x0000000795580000)
  object space 87552K, 13% used [0x0000000740000000,0x0000000740b9e340,0x0000000745580000)
 Metaspace       used 15597K, capacity 15808K, committed 16128K, reserved 1062912K
  class space    used 1930K, capacity 1999K, committed 2048K, reserved 1048576K
}

